# JRE version: OpenJDK Runtime Environment Corretto-17.0.13.11.1 (17.0.13+11) (build 17.0.13+11-LTS)
# Java VM: OpenJDK 64-Bit Server VM Corretto-17.0.13.11.1 (17.0.13+11-LTS, mixed mode, sharing, tiered, compressed oops, compressed class ptrs, g1 gc, windows-amd64)
GC Precious Log:
 CPUs: 12 total, 12 available
 Memory: 7832M
 Large Page Support: Disabled
 NUMA Support: Disabled
 Compressed Oops: Enabled (32-bit)
 Heap Region Size: 1M
 Heap Min Capacity: 8M
 Heap Initial Capacity: 124M
 Heap Max Capacity: 1960M
 Pre-touch: Disabled
 Parallel Workers: 10
 Concurrent Workers: 3
 Concurrent Refinement Workers: 10
 Periodic GC: Disabled
Heap:
 garbage-first heap   total 73728K, used 26223K [0x0000000085800000, 0x0000000100000000)
  region size 1024K, 4 young (4096K), 2 survivors (2048K)
 Metaspace       used 35722K, committed 36160K, reserved 1114112K
  class space    used 4698K, committed 4928K, reserved 1048576K
GC Heap History (16 events):
Event: 1.029 GC heap before
{Heap before GC invocations=0 (full 0):
 garbage-first heap   total 126976K, used 25600K [0x0000000085800000, 0x0000000100000000)
  region size 1024K, 23 young (23552K), 0 survivors (0K)
 Metaspace       used 5134K, committed 5312K, reserved 1114112K
  class space    used 580K, committed 640K, reserved 1048576K
}
Event: 1.040 GC heap after
{Heap after GC invocations=1 (full 0):
 garbage-first heap   total 126976K, used 10280K [0x0000000085800000, 0x0000000100000000)
  region size 1024K, 3 young (3072K), 3 survivors (3072K)
 Metaspace       used 5134K, committed 5312K, reserved 1114112K
  class space    used 580K, committed 640K, reserved 1048576K
}
Event: 1.689 GC heap before
{Heap before GC invocations=1 (full 0):
 garbage-first heap   total 126976K, used 35880K [0x0000000085800000, 0x0000000100000000)
  region size 1024K, 28 young (28672K), 3 survivors (3072K)
 Metaspace       used 10893K, committed 11136K, reserved 1114112K
  class space    used 1340K, committed 1472K, reserved 1048576K
}
Event: 1.693 GC heap after
{Heap after GC invocations=2 (full 0):
 garbage-first heap   total 126976K, used 12275K [0x0000000085800000, 0x0000000100000000)
  region size 1024K, 2 young (2048K), 2 survivors (2048K)
 Metaspace       used 10893K, committed 11136K, reserved 1114112K
  class space    used 1340K, committed 1472K, reserved 1048576K
}
Event: 2.570 GC heap before
{Heap before GC invocations=2 (full 0):
 garbage-first heap   total 126976K, used 58355K [0x0000000085800000, 0x0000000100000000)
  region size 1024K, 48 young (49152K), 2 survivors (2048K)
 Metaspace       used 21265K, committed 21504K, reserved 1114112K
  class space    used 2683K, committed 2816K, reserved 1048576K
}
Event: 2.578 GC heap after
{Heap after GC invocations=3 (full 0):
 garbage-first heap   total 126976K, used 16337K [0x0000000085800000, 0x0000000100000000)
  region size 1024K, 6 young (6144K), 6 survivors (6144K)
 Metaspace       used 21265K, committed 21504K, reserved 1114112K
  class space    used 2683K, committed 2816K, reserved 1048576K
}
Event: 3.476 GC heap before
{Heap before GC invocations=4 (full 0):
 garbage-first heap   total 61440K, used 47057K [0x0000000085800000, 0x0000000100000000)
  region size 1024K, 36 young (36864K), 6 survivors (6144K)
 Metaspace       used 24194K, committed 24448K, reserved 1114112K
  class space    used 2998K, committed 3136K, reserved 1048576K
}
Event: 3.488 GC heap after
{Heap after GC invocations=5 (full 0):
 garbage-first heap   total 61440K, used 18761K [0x0000000085800000, 0x0000000100000000)
  region size 1024K, 3 young (3072K), 3 survivors (3072K)
 Metaspace       used 24194K, committed 24448K, reserved 1114112K
  class space    used 2998K, committed 3136K, reserved 1048576K
}
Event: 4.072 GC heap before
{Heap before GC invocations=5 (full 0):
 garbage-first heap   total 61440K, used 40265K [0x0000000085800000, 0x0000000100000000)
  region size 1024K, 24 young (24576K), 3 survivors (3072K)
 Metaspace       used 26098K, committed 26432K, reserved 1114112K
  class space    used 3250K, committed 3392K, reserved 1048576K
}
Event: 4.077 GC heap after
{Heap after GC invocations=6 (full 0):
 garbage-first heap   total 61440K, used 20049K [0x0000000085800000, 0x0000000100000000)
  region size 1024K, 2 young (2048K), 2 survivors (2048K)
 Metaspace       used 26098K, committed 26432K, reserved 1114112K
  class space    used 3250K, committed 3392K, reserved 1048576K
}
Event: 4.743 GC heap before
{Heap before GC invocations=6 (full 0):
 garbage-first heap   total 61440K, used 42577K [0x0000000085800000, 0x0000000100000000)
  region size 1024K, 24 young (24576K), 2 survivors (2048K)
 Metaspace       used 29105K, committed 29376K, reserved 1114112K
  class space    used 3788K, committed 3904K, reserved 1048576K
}
Event: 4.748 GC heap after
{Heap after GC invocations=7 (full 0):
 garbage-first heap   total 61440K, used 21720K [0x0000000085800000, 0x0000000100000000)
  region size 1024K, 2 young (2048K), 2 survivors (2048K)
 Metaspace       used 29105K, committed 29376K, reserved 1114112K
  class space    used 3788K, committed 3904K, reserved 1048576K
}
Event: 5.332 GC heap before
{Heap before GC invocations=7 (full 0):
 garbage-first heap   total 61440K, used 44248K [0x0000000085800000, 0x0000000100000000)
  region size 1024K, 24 young (24576K), 2 survivors (2048K)
 Metaspace       used 33019K, committed 33408K, reserved 1114112K
  class space    used 4371K, committed 4544K, reserved 1048576K
}
Event: 5.341 GC heap after
{Heap after GC invocations=8 (full 0):
 garbage-first heap   total 61440K, used 23909K [0x0000000085800000, 0x0000000100000000)
  region size 1024K, 3 young (3072K), 3 survivors (3072K)
 Metaspace       used 33019K, committed 33408K, reserved 1114112K
  class space    used 4371K, committed 4544K, reserved 1048576K
}
Event: 5.710 GC heap before
{Heap before GC invocations=8 (full 0):
 garbage-first heap   total 61440K, used 38245K [0x0000000085800000, 0x0000000100000000)
  region size 1024K, 17 young (17408K), 3 survivors (3072K)
 Metaspace       used 35626K, committed 36096K, reserved 1114112K
  class space    used 4670K, committed 4864K, reserved 1048576K
}
Event: 5.716 GC heap after
{Heap after GC invocations=9 (full 0):
 garbage-first heap   total 73728K, used 25199K [0x0000000085800000, 0x0000000100000000)
  region size 1024K, 2 young (2048K), 2 survivors (2048K)
 Metaspace       used 35626K, committed 36096K, reserved 1114112K
  class space    used 4670K, committed 4864K, reserved 1048576K
}

